<?xml version="1.0" encoding="UTF-8"?>
<!-- Generated by org.testng.reporters.JUnitReportReporter -->
<testsuite hostname="LAPTOP-59255MM7" failures="0" tests="1" name="Projectinautomation.Automationfinalproject" time="97.823" errors="0" timestamp="2024-10-05T23:20:18 IST" skipped="0">
  <testcase classname="Projectinautomation.Automationfinalproject" name="test1" time="97.823"/>
  <system-out/>
</testsuite> <!-- Projectinautomation.Automationfinalproject -->
